{"logTime": "0501/083100", "correlationVector":"K4/29fJ8cJEZZK/mDuYyfx.0","action":"FeedSettingFetch_homeCloud", "result":"0", "context":{}}
{"logTime": "0501/083100", "correlationVector":"v5GRRnRR2jFrGurzBFsStp.1","action":"SyncServerConnectionManagerRequest", "result":"SYNC_SERVER_OK", "context":{"environment":"Prod_SoutheastAsia_000j", "migrationStage":"NotStarted", "server":"GENERAL01000010"}}
{"logTime": "0501/083100", "correlationVector":"v5GRRnRR2jFrGurzBFsStp","action":"Initial GetUpdates", "result":"", "context":Reason: NEW_CLIENT. cV=v5GRRnRR2jFrGurzBFsStp}
{"logTime": "0501/083100", "correlationVector":"v5GRRnRR2jFrGurzBFsStp.2","action":"GetUpdates Response", "result":"SYNCER_OK", "context":Received 1 update(s). cV=v5GRRnRR2jFrGurzBFsStp.0;server=GENERAL01000010;cloudType=Consumer;environment=Prod_SoutheastAsia_000j;migrationStage=NotStarted}
{"logTime": "0501/083103", "correlationVector":"ExQW7iOgA/y7/Hq92VB1C7","action":"SyncServerConnectionManagerRequest", "result":"SYNC_SERVER_OK", "context":{"environment":"", "migrationStage":"", "server":""}}
{"logTime": "0501/083103", "correlationVector":"L3MUnRqpZ2naEYksFu1F4T","action":"Initial GetUpdates", "result":"", "context":Reason: NEW_CLIENT. cV=L3MUnRqpZ2naEYksFu1F4T}
{"logTime": "0501/083103", "correlationVector":"L3MUnRqpZ2naEYksFu1F4T.1","action":"SyncServerConnectionManagerRequest", "result":"SYNC_SERVER_OK", "context":{"environment":"Prod_SoutheastAsia_000j", "migrationStage":"NotStarted", "server":"GENERAL0100000Q"}}
{"logTime": "0501/083103", "correlationVector":"L3MUnRqpZ2naEYksFu1F4T.2","action":"GetUpdates Response", "result":"SYNCER_OK", "context":Received 3 update(s). cV=L3MUnRqpZ2naEYksFu1F4T.0;server=GENERAL0100000Q;cloudType=Consumer;environment=Prod_SoutheastAsia_000j;migrationStage=NotStarted}
{"logTime": "0501/083103", "correlationVector":"98q5m1bAYGnpM1w7KYrXFN","action":"Normal GetUpdate request", "result":"", "context":cV=98q5m1bAYGnpM1w7KYrXFN
Nudged types: Device Info, User Consents
Refresh requested types: Device Info, User Consents, Send Tab To Self, Encryption Keys}
{"logTime": "0501/083104", "correlationVector":"98q5m1bAYGnpM1w7KYrXFN.1","action":"SyncServerConnectionManagerRequest", "result":"SYNC_SERVER_OK", "context":{"environment":"Prod_SoutheastAsia_000j", "migrationStage":"NotStarted", "server":"GENERAL0100000P"}}
{"logTime": "0501/083104", "correlationVector":"98q5m1bAYGnpM1w7KYrXFN.2","action":"GetUpdates Response", "result":"SYNCER_OK", "context":Received 0 update(s). cV=98q5m1bAYGnpM1w7KYrXFN.0;server=GENERAL0100000P;cloudType=Consumer;environment=Prod_SoutheastAsia_000j;migrationStage=NotStarted}
{"logTime": "0501/083104", "correlationVector":"ln9Lpz5hzn3hLpqOF2kzka","action":"Commit Request", "result":"", "context":Item count: 1
Contributing types: Device Info}
{"logTime": "0501/083104", "correlationVector":"ln9Lpz5hzn3hLpqOF2kzka.1","action":"SyncServerConnectionManagerRequest", "result":"SYNC_SERVER_OK", "context":{"environment":"Prod_SoutheastAsia_000j", "migrationStage":"NotStarted", "server":"GENERAL01000018"}}
{"logTime": "0501/083104", "correlationVector":"ln9Lpz5hzn3hLpqOF2kzka.2","action":"Commit Response", "result":"SYNCER_OK", "context":Result: SYNCER_OK. cV=ln9Lpz5hzn3hLpqOF2kzka.0;server=GENERAL01000018;cloudType=Consumer;environment=Prod_SoutheastAsia_000j;migrationStage=NotStarted}
{"logTime": "0501/083104", "correlationVector":"oGegsALuF1tUYKSuXb2kGi","action":"Commit Request", "result":"", "context":Item count: 2
Contributing types: User Consents}
{"logTime": "0501/083105", "correlationVector":"oGegsALuF1tUYKSuXb2kGi.1","action":"SyncServerConnectionManagerRequest", "result":"SYNC_SERVER_OK", "context":{"environment":"Prod_SoutheastAsia_000j", "migrationStage":"NotStarted", "server":"GENERAL0100000A"}}
{"logTime": "0501/083105", "correlationVector":"oGegsALuF1tUYKSuXb2kGi.2","action":"Commit Response", "result":"SYNCER_OK", "context":Result: SYNCER_OK. cV=oGegsALuF1tUYKSuXb2kGi.0;server=GENERAL0100000A;cloudType=Consumer;environment=Prod_SoutheastAsia_000j;migrationStage=NotStarted}
{"logTime": "0503/174247", "correlationVector":"vMeZOKvBcPnYzqVaFQnk/H.0","action":"FeedSettingFetch_homeCloud", "result":"0", "context":{}}
{"logTime": "0503/174247", "correlationVector":"hVWFt8l+GlbJFH2k2b3dvN.1","action":"SyncServerConnectionManagerRequest", "result":"SYNC_SERVER_OK", "context":{"environment":"Prod_SoutheastAsia_000j", "migrationStage":"NotStarted", "server":"GENERAL01000002"}}
{"logTime": "0503/174247", "correlationVector":"hVWFt8l+GlbJFH2k2b3dvN","action":"Initial GetUpdates", "result":"", "context":Reason: NEW_CLIENT. cV=hVWFt8l+GlbJFH2k2b3dvN}
{"logTime": "0503/174247", "correlationVector":"hVWFt8l+GlbJFH2k2b3dvN.2","action":"GetUpdates Response", "result":"SYNCER_OK", "context":Received 1 update(s). cV=hVWFt8l+GlbJFH2k2b3dvN.0;server=GENERAL01000002;cloudType=Consumer;environment=Prod_SoutheastAsia_000j;migrationStage=NotStarted}
{"logTime": "0503/174247", "correlationVector":"E82XUn9Ynd6p5CI7JU5WYt","action":"Normal GetUpdate request", "result":"", "context":cV=E82XUn9Ynd6p5CI7JU5WYt
Nudged types: User Consents
Refresh requested types: Device Info, User Consents, Send Tab To Self, Encryption Keys}
{"logTime": "0503/174247", "correlationVector":"E82XUn9Ynd6p5CI7JU5WYt.1","action":"SyncServerConnectionManagerRequest", "result":"SYNC_SERVER_OK", "context":{"environment":"Prod_SoutheastAsia_000j", "migrationStage":"NotStarted", "server":"GENERAL0100000P"}}
{"logTime": "0503/174247", "correlationVector":"E82XUn9Ynd6p5CI7JU5WYt.2","action":"GetUpdates Response", "result":"SYNCER_OK", "context":Received 0 update(s). cV=E82XUn9Ynd6p5CI7JU5WYt.0;server=GENERAL0100000P;cloudType=Consumer;environment=Prod_SoutheastAsia_000j;migrationStage=NotStarted}
{"logTime": "0503/174247", "correlationVector":"yWHWa0JpzgKJ9412a+49lM","action":"Commit Request", "result":"", "context":Item count: 1
Contributing types: User Consents}
{"logTime": "0503/174247", "correlationVector":"yWHWa0JpzgKJ9412a+49lM.1","action":"SyncServerConnectionManagerRequest", "result":"SYNC_SERVER_OK", "context":{"environment":"Prod_SoutheastAsia_000j", "migrationStage":"NotStarted", "server":"GENERAL0100000Y"}}
{"logTime": "0503/174247", "correlationVector":"yWHWa0JpzgKJ9412a+49lM.2","action":"Commit Response", "result":"SYNCER_OK", "context":Result: SYNCER_OK. cV=yWHWa0JpzgKJ9412a+49lM.0;server=GENERAL0100000Y;cloudType=Consumer;environment=Prod_SoutheastAsia_000j;migrationStage=NotStarted}
{"logTime": "0510/042115", "correlationVector":"g+/0xkUDp5j1pk6Nvj94AT.0","action":"FeedSettingFetch_homeCloud", "result":"0", "context":{}}
{"logTime": "0510/042115", "correlationVector":"g+/0xkUDp5j1pk6Nvj94AT.0","action":"SyncServerConnectionManagerRequest", "result":"SYNC_SERVER_OK", "context":{"environment":"", "migrationStage":"", "server":""}}
{"logTime": "0510/042115", "correlationVector":"26XAZ41OHRlmXKGANHcK5U.1","action":"SyncServerConnectionManagerRequest", "result":"SYNC_SERVER_OK", "context":{"environment":"Prod_SoutheastAsia_000j", "migrationStage":"NotStarted", "server":"GENERAL01000004"}}
{"logTime": "0510/042115", "correlationVector":"26XAZ41OHRlmXKGANHcK5U","action":"Initial GetUpdates", "result":"", "context":Reason: NEW_CLIENT. cV=26XAZ41OHRlmXKGANHcK5U}
{"logTime": "0510/042115", "correlationVector":"26XAZ41OHRlmXKGANHcK5U.2","action":"GetUpdates Response", "result":"SYNCER_OK", "context":Received 1 update(s). cV=26XAZ41OHRlmXKGANHcK5U.0;server=GENERAL01000004;cloudType=Consumer;environment=Prod_SoutheastAsia_000j;migrationStage=NotStarted}
{"logTime": "0510/042115", "correlationVector":"4ifxiaByGMSbPYlFF9J6LN","action":"Normal GetUpdate request", "result":"", "context":cV=4ifxiaByGMSbPYlFF9J6LN
Nudged types: Device Info, User Consents
Refresh requested types: Device Info, User Consents, Send Tab To Self, Encryption Keys}
{"logTime": "0510/042115", "correlationVector":"4ifxiaByGMSbPYlFF9J6LN.1","action":"SyncServerConnectionManagerRequest", "result":"SYNC_SERVER_OK", "context":{"environment":"Prod_SoutheastAsia_000j", "migrationStage":"NotStarted", "server":"GENERAL01000017"}}
{"logTime": "0510/042115", "correlationVector":"4ifxiaByGMSbPYlFF9J6LN.2","action":"GetUpdates Response", "result":"SYNCER_OK", "context":Received 2 update(s). cV=4ifxiaByGMSbPYlFF9J6LN.0;server=GENERAL01000017;cloudType=Consumer;environment=Prod_SoutheastAsia_000j;migrationStage=NotStarted}
{"logTime": "0510/042115", "correlationVector":"0ShozAeC2+O/QZ4QBMKqLy","action":"Commit Request", "result":"", "context":Item count: 1
Contributing types: Device Info}
{"logTime": "0510/042115", "correlationVector":"0ShozAeC2+O/QZ4QBMKqLy.1","action":"SyncServerConnectionManagerRequest", "result":"SYNC_SERVER_OK", "context":{"environment":"Prod_SoutheastAsia_000j", "migrationStage":"NotStarted", "server":"GENERAL0100001J"}}
{"logTime": "0510/042115", "correlationVector":"0ShozAeC2+O/QZ4QBMKqLy.2","action":"Commit Response", "result":"SYNCER_OK", "context":Result: SYNCER_OK. cV=0ShozAeC2+O/QZ4QBMKqLy.0;server=GENERAL0100001J;cloudType=Consumer;environment=Prod_SoutheastAsia_000j;migrationStage=NotStarted}
{"logTime": "0510/042115", "correlationVector":"r1tEOnGoYfQOAJFjRs+zKp","action":"Commit Request", "result":"", "context":Item count: 1
Contributing types: User Consents}
{"logTime": "0510/042115", "correlationVector":"r1tEOnGoYfQOAJFjRs+zKp.1","action":"SyncServerConnectionManagerRequest", "result":"SYNC_SERVER_OK", "context":{"environment":"Prod_SoutheastAsia_000j", "migrationStage":"NotStarted", "server":"GENERAL0100000O"}}
{"logTime": "0510/042115", "correlationVector":"r1tEOnGoYfQOAJFjRs+zKp.2","action":"Commit Response", "result":"SYNCER_OK", "context":Result: SYNCER_OK. cV=r1tEOnGoYfQOAJFjRs+zKp.0;server=GENERAL0100000O;cloudType=Consumer;environment=Prod_SoutheastAsia_000j;migrationStage=NotStarted}
{"logTime": "0510/042115", "correlationVector":"ZiOpgI67TsMNW+SLg0V52q","action":"Normal GetUpdate request", "result":"", "context":cV=ZiOpgI67TsMNW+SLg0V52q
Nudged types: Device Info}
{"logTime": "0510/042115", "correlationVector":"ZiOpgI67TsMNW+SLg0V52q.1","action":"SyncServerConnectionManagerRequest", "result":"SYNC_SERVER_OK", "context":{"environment":"Prod_SoutheastAsia_000j", "migrationStage":"NotStarted", "server":"GENERAL01000000"}}
{"logTime": "0510/042115", "correlationVector":"ZiOpgI67TsMNW+SLg0V52q.2","action":"GetUpdates Response", "result":"SYNCER_OK", "context":Received 1 update(s). cV=ZiOpgI67TsMNW+SLg0V52q.0;server=GENERAL01000000;cloudType=Consumer;environment=Prod_SoutheastAsia_000j;migrationStage=NotStarted}
{"logTime": "0510/042116", "correlationVector":"3+/gXiXdSEyTftHzk9HgHB","action":"Initial GetUpdates", "result":"", "context":Reason: RECONFIGURATION. cV=3+/gXiXdSEyTftHzk9HgHB}
{"logTime": "0510/042116", "correlationVector":"3+/gXiXdSEyTftHzk9HgHB.1","action":"SyncServerConnectionManagerRequest", "result":"SYNC_SERVER_OK", "context":{"environment":"Prod_SoutheastAsia_000j", "migrationStage":"NotStarted", "server":"GENERAL01000010"}}
{"logTime": "0510/042116", "correlationVector":"3+/gXiXdSEyTftHzk9HgHB.2","action":"GetUpdates Response", "result":"SYNCER_OK", "context":Received 48 update(s). cV=3+/gXiXdSEyTftHzk9HgHB.0;server=GENERAL01000010;cloudType=Consumer;environment=Prod_SoutheastAsia_000j;migrationStage=NotStarted}
{"logTime": "0510/042116", "correlationVector":"WPXRJmlrT+Jxgsd1JKMGt7","action":"Initial GetUpdates", "result":"", "context":Reason: RECONFIGURATION. cV=WPXRJmlrT+Jxgsd1JKMGt7}
{"logTime": "0510/042116", "correlationVector":"WPXRJmlrT+Jxgsd1JKMGt7.1","action":"SyncServerConnectionManagerRequest", "result":"SYNC_SERVER_OK", "context":{"environment":"Prod_SoutheastAsia_000j", "migrationStage":"NotStarted", "server":"GENERAL01000006"}}
{"logTime": "0510/042116", "correlationVector":"WPXRJmlrT+Jxgsd1JKMGt7.2","action":"GetUpdates Response", "result":"SYNCER_OK", "context":Received 11 update(s). cV=WPXRJmlrT+Jxgsd1JKMGt7.0;server=GENERAL01000006;cloudType=Consumer;environment=Prod_SoutheastAsia_000j;migrationStage=NotStarted}
{"logTime": "0510/042116", "correlationVector":"WmsPtuqlj2UZUU0FYMALYn","action":"Initial GetUpdates", "result":"", "context":Reason: RECONFIGURATION. cV=WmsPtuqlj2UZUU0FYMALYn}
{"logTime": "0510/042117", "correlationVector":"WmsPtuqlj2UZUU0FYMALYn.1","action":"SyncServerConnectionManagerRequest", "result":"SYNC_SERVER_OK", "context":{"environment":"Prod_SoutheastAsia_000j", "migrationStage":"NotStarted", "server":"GENERAL0100000Z"}}
{"logTime": "0510/042117", "correlationVector":"WmsPtuqlj2UZUU0FYMALYn.2","action":"GetUpdates", "result":"DeleteReceived", "context":{"id":"f4dadd84-52f0-4036-85fa-680fc540a168", "isDeleted:":"true", "version":"1676456901096"}}
{"logTime": "0510/042117", "correlationVector":"WmsPtuqlj2UZUU0FYMALYn.3","action":"GetUpdates", "result":"DeleteReceived", "context":{"id":"1c8d19dc-620f-4629-bc77-46d1516cc0fe", "isDeleted:":"true", "version":"1676109781085"}}
{"logTime": "0510/042117", "correlationVector":"WmsPtuqlj2UZUU0FYMALYn.4","action":"GetUpdates", "result":"DeleteReceived", "context":{"id":"4a2dbab3-9c11-4211-941e-558b61149b84", "isDeleted:":"true", "version":"1676110798247"}}
{"logTime": "0510/042117", "correlationVector":"WmsPtuqlj2UZUU0FYMALYn.5","action":"GetUpdates", "result":"DeleteReceived", "context":{"id":"e40d2077-3694-40b3-b45d-9f30e93f9063", "isDeleted:":"true", "version":"1676110863012"}}
{"logTime": "0510/042117", "correlationVector":"WmsPtuqlj2UZUU0FYMALYn.6","action":"GetUpdates", "result":"DeleteReceived", "context":{"id":"312da7db-a0e8-40d9-8a82-ff720d4a3ac6", "isDeleted:":"true", "version":"1676116520425"}}
{"logTime": "0510/042117", "correlationVector":"WmsPtuqlj2UZUU0FYMALYn.7","action":"GetUpdates", "result":"DeleteReceived", "context":{"id":"575eb571-2e65-4f05-985c-6540856a7f69", "isDeleted:":"true", "version":"1676116520426"}}
{"logTime": "0510/042117", "correlationVector":"WmsPtuqlj2UZUU0FYMALYn.8","action":"GetUpdates", "result":"DeleteReceived", "context":{"id":"a29f8e02-c132-4c3d-8abe-76f8f5aa955e", "isDeleted:":"true", "version":"1676117235150"}}
{"logTime": "0510/042117", "correlationVector":"WmsPtuqlj2UZUU0FYMALYn.9","action":"GetUpdates", "result":"DeleteReceived", "context":{"id":"aafd2131-e73a-408d-9e98-974059cbe4ef", "isDeleted:":"true", "version":"1676117268503"}}
{"logTime": "0510/042117", "correlationVector":"WmsPtuqlj2UZUU0FYMALYn.10","action":"GetUpdates", "result":"DeleteReceived", "context":{"id":"07ce4617-1e1b-4b89-9055-ecc0cf2f8dc8", "isDeleted:":"true", "version":"1676458849880"}}
{"logTime": "0510/042117", "correlationVector":"WmsPtuqlj2UZUU0FYMALYn.11","action":"GetUpdates", "result":"DeleteReceived", "context":{"id":"18c0b0e7-2855-43a0-9ff1-1b140a1fd339", "isDeleted:":"true", "version":"1676460119918"}}
{"logTime": "0510/042117", "correlationVector":"WmsPtuqlj2UZUU0FYMALYn.12","action":"GetUpdates", "result":"DeleteReceived", "context":{"id":"cac05c9f-0237-4e46-8750-2bcb2b71bed8", "isDeleted:":"true", "version":"1676558723492"}}
{"logTime": "0510/042117", "correlationVector":"WmsPtuqlj2UZUU0FYMALYn.13","action":"GetUpdates", "result":"DeleteReceived", "context":{"id":"ea0fbd77-70a5-4b29-925f-333e40c0767d", "isDeleted:":"true", "version":"1676558907761"}}
{"logTime": "0510/042117", "correlationVector":"WmsPtuqlj2UZUU0FYMALYn.14","action":"GetUpdates", "result":"DeleteReceived", "context":{"id":"92303d47-b065-41ee-9e1e-fc6dfbedfe09", "isDeleted:":"true", "version":"1676559008648"}}
{"logTime": "0510/042117", "correlationVector":"WmsPtuqlj2UZUU0FYMALYn.15","action":"GetUpdates", "result":"DeleteReceived", "context":{"id":"ce50c4a4-a029-42f2-9215-ebb2c5e0636f", "isDeleted:":"true", "version":"1676559039564"}}
{"logTime": "0510/042117", "correlationVector":"WmsPtuqlj2UZUU0FYMALYn.16","action":"GetUpdates", "result":"DeleteReceived", "context":{"id":"6e280f51-5d2c-4a3a-82a0-c98f09f10c01", "isDeleted:":"true", "version":"1676559169988"}}
{"logTime": "0510/042117", "correlationVector":"WmsPtuqlj2UZUU0FYMALYn.17","action":"GetUpdates", "result":"DeleteReceived", "context":{"id":"c70d645f-f9ba-458a-af07-1fc7a2aeff85", "isDeleted:":"true", "version":"1676711048651"}}
{"logTime": "0510/042117", "correlationVector":"WmsPtuqlj2UZUU0FYMALYn.18","action":"GetUpdates", "result":"DeleteReceived", "context":{"id":"82359eb4-1276-43b3-ade2-c954515c3138", "isDeleted:":"true", "version":"1677826641835"}}
{"logTime": "0510/042117", "correlationVector":"WmsPtuqlj2UZUU0FYMALYn.19","action":"GetUpdates", "result":"DeleteReceived", "context":{"id":"00dd3636-7e05-464f-9e2f-17983b0c3477", "isDeleted:":"true", "version":"1679218480669"}}
{"logTime": "0510/042117", "correlationVector":"WmsPtuqlj2UZUU0FYMALYn.20","action":"GetUpdates", "result":"DeleteReceived", "context":{"id":"8f51f9fc-ecbf-4a28-ae2e-1d933017990e", "isDeleted:":"true", "version":"1681138125982"}}
{"logTime": "0510/042117", "correlationVector":"WmsPtuqlj2UZUU0FYMALYn.21","action":"GetUpdates", "result":"DeleteReceived", "context":{"id":"eadad0ce-3a8d-49e9-a652-8009cd1e4a8f", "isDeleted:":"true", "version":"1681138262252"}}
{"logTime": "0510/042117", "correlationVector":"WmsPtuqlj2UZUU0FYMALYn.22","action":"GetUpdates", "result":"DeleteReceived", "context":{"id":"1b88ba3b-96b8-4cea-bd9b-a236f7740ecb", "isDeleted:":"true", "version":"1681138262253"}}
{"logTime": "0510/042117", "correlationVector":"WmsPtuqlj2UZUU0FYMALYn.23","action":"GetUpdates", "result":"DeleteReceived", "context":{"id":"28b58239-aee6-4abd-9254-4d6cc73e8780", "isDeleted:":"true", "version":"1681210309620"}}
{"logTime": "0510/042117", "correlationVector":"WmsPtuqlj2UZUU0FYMALYn.24","action":"GetUpdates", "result":"DeleteReceived", "context":{"id":"042a8a77-5136-4f8c-87d5-92c17f036ca1", "isDeleted:":"true", "version":"1681570811275"}}
{"logTime": "0510/042117", "correlationVector":"WmsPtuqlj2UZUU0FYMALYn.25","action":"GetUpdates", "result":"DeleteReceived", "context":{"id":"797ad5d3-4ebe-43d6-ab94-97637c507b61", "isDeleted:":"true", "version":"1682942218003"}}
{"logTime": "0510/042117", "correlationVector":"WmsPtuqlj2UZUU0FYMALYn.26","action":"GetUpdates", "result":"DeleteReceived", "context":{"id":"1b53d2e0-bac8-4350-b632-9df7b445dd9f", "isDeleted:":"true", "version":"1682942561952"}}
{"logTime": "0510/042117", "correlationVector":"WmsPtuqlj2UZUU0FYMALYn.27","action":"GetUpdates", "result":"DeleteReceived", "context":{"id":"e503cc05-3276-412e-8612-dc09f640a6bf", "isDeleted:":"true", "version":"1682942561953"}}
{"logTime": "0510/042117", "correlationVector":"WmsPtuqlj2UZUU0FYMALYn.28","action":"GetUpdates Response", "result":"SYNCER_OK", "context":Received 45 update(s). cV=WmsPtuqlj2UZUU0FYMALYn.0;server=GENERAL0100000Z;cloudType=Consumer;environment=Prod_SoutheastAsia_000j;migrationStage=NotStarted}
{"logTime": "0510/042117", "correlationVector":"jvoJzVav1wvw08j24irNWU","action":"Normal GetUpdate request", "result":"", "context":cV=jvoJzVav1wvw08j24irNWU
Nudged types: Bookmarks, Preferences, Sessions, Device Info, User Consents
Refresh requested types: Bookmarks, Preferences, Passwords, Autofill Profiles, Autofill, Autofill Custom Data, Typed URLs, Extensions, Sessions, Extension settings, History Delete Directives, Device Info, User Consents, Send Tab To Self, Web Apps, Collection, Edge E Drop, Encryption Keys}
{"logTime": "0510/042117", "correlationVector":"jvoJzVav1wvw08j24irNWU.1","action":"SyncServerConnectionManagerRequest", "result":"SYNC_SERVER_OK", "context":{"environment":"Prod_SoutheastAsia_000j", "migrationStage":"NotStarted", "server":"GENERAL01000004"}}
{"logTime": "0510/042117", "correlationVector":"jvoJzVav1wvw08j24irNWU.2","action":"GetUpdates Response", "result":"SYNCER_OK", "context":Received 0 update(s). cV=jvoJzVav1wvw08j24irNWU.0;server=GENERAL01000004;cloudType=Consumer;environment=Prod_SoutheastAsia_000j;migrationStage=NotStarted}
{"logTime": "0510/042117", "correlationVector":"deQIyRT5kFVmAwfZAXJjqF","action":"Commit Request", "result":"", "context":Item count: 1
Contributing types: Device Info}
{"logTime": "0510/042118", "correlationVector":"deQIyRT5kFVmAwfZAXJjqF.1","action":"SyncServerConnectionManagerRequest", "result":"SYNC_SERVER_OK", "context":{"environment":"Prod_SoutheastAsia_000j", "migrationStage":"NotStarted", "server":"GENERAL0100000V"}}
{"logTime": "0510/042118", "correlationVector":"deQIyRT5kFVmAwfZAXJjqF.2","action":"Commit Response", "result":"SYNCER_OK", "context":Result: SYNCER_OK. cV=deQIyRT5kFVmAwfZAXJjqF.0;server=GENERAL0100000V;cloudType=Consumer;environment=Prod_SoutheastAsia_000j;migrationStage=NotStarted}
{"logTime": "0510/042118", "correlationVector":"YVlq4G10I2+Xyrj7yEn7XA","action":"Commit Request", "result":"", "context":Item count: 11
Contributing types: Bookmarks, Preferences, Sessions, User Consents}
{"logTime": "0510/042119", "correlationVector":"YVlq4G10I2+Xyrj7yEn7XA.1","action":"SyncServerConnectionManagerRequest", "result":"SYNC_SERVER_OK", "context":{"environment":"Prod_SoutheastAsia_000j", "migrationStage":"NotStarted", "server":"GENERAL01000019"}}
{"logTime": "0510/042119", "correlationVector":"YVlq4G10I2+Xyrj7yEn7XA.2","action":"Commit Response", "result":"SYNCER_OK", "context":Result: SYNCER_OK. cV=YVlq4G10I2+Xyrj7yEn7XA.0;server=GENERAL01000019;cloudType=Consumer;environment=Prod_SoutheastAsia_000j;migrationStage=NotStarted}
{"logTime": "0510/042341", "correlationVector":"e9ZV8zZlQhREK+4R+c/nTv","action":"Commit Request", "result":"", "context":Item count: 1
Contributing types: Sessions}
{"logTime": "0510/042342", "correlationVector":"e9ZV8zZlQhREK+4R+c/nTv.1","action":"SyncServerConnectionManagerRequest", "result":"SYNC_SERVER_OK", "context":{"environment":"Prod_SoutheastAsia_000j", "migrationStage":"NotStarted", "server":"GENERAL01000014"}}
{"logTime": "0510/042342", "correlationVector":"e9ZV8zZlQhREK+4R+c/nTv.2","action":"Commit Response", "result":"SYNCER_OK", "context":Result: SYNCER_OK. cV=e9ZV8zZlQhREK+4R+c/nTv.0;server=GENERAL01000014;cloudType=Consumer;environment=Prod_SoutheastAsia_000j;migrationStage=NotStarted}
{"logTime": "0510/042447", "correlationVector":"MLK0L4f8ScFRMc3X7P4Q8A","action":"Poll GetUpdate request", "result":"", "context":cV=MLK0L4f8ScFRMc3X7P4Q8A}
{"logTime": "0510/042448", "correlationVector":"MLK0L4f8ScFRMc3X7P4Q8A.1","action":"SyncServerConnectionManagerRequest", "result":"SYNC_SERVER_OK", "context":{"environment":"Prod_SoutheastAsia_000j", "migrationStage":"NotStarted", "server":"GENERAL0100001E"}}
{"logTime": "0510/042448", "correlationVector":"MLK0L4f8ScFRMc3X7P4Q8A.2","action":"GetUpdates", "result":"DeleteReceived", "context":{"id":"1b53d2e0-bac8-4350-b632-9df7b445dd9f", "isDeleted:":"true", "version":"1682942561952"}}
{"logTime": "0510/042448", "correlationVector":"MLK0L4f8ScFRMc3X7P4Q8A.3","action":"GetUpdates", "result":"DeleteReceived", "context":{"id":"e503cc05-3276-412e-8612-dc09f640a6bf", "isDeleted:":"true", "version":"1682942561953"}}
{"logTime": "0510/042448", "correlationVector":"MLK0L4f8ScFRMc3X7P4Q8A.4","action":"GetUpdates Response", "result":"SYNCER_OK", "context":Received 15 update(s). cV=MLK0L4f8ScFRMc3X7P4Q8A.0;server=GENERAL0100001E;cloudType=Consumer;environment=Prod_SoutheastAsia_000j;migrationStage=NotStarted}
{"logTime": "0511/040704", "correlationVector":"WUdsOGzWWn4LPEdbHHas8/.0","action":"FeedSettingFetch_homeCloud", "result":"0", "context":{}}
{"logTime": "0511/040704", "correlationVector":"WUdsOGzWWn4LPEdbHHas8/.0","action":"SyncServerConnectionManagerRequest", "result":"SYNC_SERVER_OK", "context":{"environment":"", "migrationStage":"", "server":""}}
{"logTime": "0511/040704", "correlationVector":"mk1awSQYcxmFhSWRs54BqV.1","action":"SyncServerConnectionManagerRequest", "result":"SYNC_SERVER_OK", "context":{"environment":"Prod_SoutheastAsia_000j", "migrationStage":"NotStarted", "server":"GENERAL01000019"}}
{"logTime": "0511/040704", "correlationVector":"mk1awSQYcxmFhSWRs54BqV","action":"Initial GetUpdates", "result":"", "context":Reason: NEW_CLIENT. cV=mk1awSQYcxmFhSWRs54BqV}
{"logTime": "0511/040704", "correlationVector":"mk1awSQYcxmFhSWRs54BqV.2","action":"GetUpdates Response", "result":"SYNCER_OK", "context":Received 1 update(s). cV=mk1awSQYcxmFhSWRs54BqV.0;server=GENERAL01000019;cloudType=Consumer;environment=Prod_SoutheastAsia_000j;migrationStage=NotStarted}
{"logTime": "0511/040704", "correlationVector":"l7+2oDfDCRU3W1REX+Bvwy","action":"Initial GetUpdates", "result":"", "context":Reason: NEWLY_SUPPORTED_DATATYPE. cV=l7+2oDfDCRU3W1REX+Bvwy}
{"logTime": "0511/040704", "correlationVector":"l7+2oDfDCRU3W1REX+Bvwy.1","action":"SyncServerConnectionManagerRequest", "result":"SYNC_SERVER_OK", "context":{"environment":"Prod_SoutheastAsia_000j", "migrationStage":"NotStarted", "server":"general01000012"}}
{"logTime": "0511/040704", "correlationVector":"l7+2oDfDCRU3W1REX+Bvwy.2","action":"GetUpdates Response", "result":"SYNCER_OK", "context":Received 4 update(s). cV=l7+2oDfDCRU3W1REX+Bvwy.0;server=general01000012;cloudType=Consumer;environment=Prod_SoutheastAsia_000j;migrationStage=NotStarted}
{"logTime": "0511/040704", "correlationVector":"rd3CmKCumnduaqrVqT6Sv5","action":"Normal GetUpdate request", "result":"", "context":cV=rd3CmKCumnduaqrVqT6Sv5
Nudged types: Sessions, User Consents
Refresh requested types: Bookmarks, Preferences, Passwords, Autofill Profiles, Autofill, Autofill Custom Data, Typed URLs, Extensions, Sessions, Extension settings, History Delete Directives, Device Info, User Consents, Send Tab To Self, Web Apps, Collection, Edge E Drop, Encryption Keys}
{"logTime": "0511/040705", "correlationVector":"rd3CmKCumnduaqrVqT6Sv5.1","action":"SyncServerConnectionManagerRequest", "result":"SYNC_SERVER_OK", "context":{"environment":"Prod_SoutheastAsia_000j", "migrationStage":"NotStarted", "server":"general0100001A"}}
{"logTime": "0511/040705", "correlationVector":"rd3CmKCumnduaqrVqT6Sv5.2","action":"GetUpdates Response", "result":"SYNCER_OK", "context":Received 0 update(s). cV=rd3CmKCumnduaqrVqT6Sv5.0;server=general0100001A;cloudType=Consumer;environment=Prod_SoutheastAsia_000j;migrationStage=NotStarted}
{"logTime": "0511/040705", "correlationVector":"5rqYiiJrWBiQVbDKb+zwdD","action":"Commit Request", "result":"", "context":Item count: 4
Contributing types: Sessions, User Consents}
{"logTime": "0511/040705", "correlationVector":"5rqYiiJrWBiQVbDKb+zwdD.1","action":"SyncServerConnectionManagerRequest", "result":"SYNC_SERVER_OK", "context":{"environment":"Prod_SoutheastAsia_000j", "migrationStage":"NotStarted", "server":"general01000012"}}
{"logTime": "0511/040705", "correlationVector":"5rqYiiJrWBiQVbDKb+zwdD.3","action":"Commit.Sessions", "result":"Success", "context":{"id":"73608158-5ab6-47b8-a3a4-dae76ea42890", "isDeleted":"true", "size":"0", "version":"1683692642407"}}
{"logTime": "0511/040705", "correlationVector":"5rqYiiJrWBiQVbDKb+zwdD.2","action":"Commit Response", "result":"SYNCER_OK", "context":Result: SYNCER_OK. cV=5rqYiiJrWBiQVbDKb+zwdD.0;server=general01000012;cloudType=Consumer;environment=Prod_SoutheastAsia_000j;migrationStage=NotStarted}
{"logTime": "0511/040707", "correlationVector":"UOTmGRDY1fSCkwFPPcWWTB","action":"Normal GetUpdate request", "result":"", "context":cV=UOTmGRDY1fSCkwFPPcWWTB
Nudged types: Preferences, Sessions}
{"logTime": "0511/040708", "correlationVector":"UOTmGRDY1fSCkwFPPcWWTB.1","action":"SyncServerConnectionManagerRequest", "result":"SYNC_SERVER_OK", "context":{"environment":"Prod_SoutheastAsia_000j", "migrationStage":"NotStarted", "server":"GENERAL01000016"}}
{"logTime": "0511/040708", "correlationVector":"UOTmGRDY1fSCkwFPPcWWTB.2","action":"GetUpdates", "result":"DeleteReceived", "context":{"id":"797ad5d3-4ebe-43d6-ab94-97637c507b61", "isDeleted:":"true", "version":"1682942218003"}}
{"logTime": "0511/040708", "correlationVector":"UOTmGRDY1fSCkwFPPcWWTB.3","action":"GetUpdates", "result":"DeleteReceived", "context":{"id":"1b53d2e0-bac8-4350-b632-9df7b445dd9f", "isDeleted:":"true", "version":"1682942561952"}}
{"logTime": "0511/040708", "correlationVector":"UOTmGRDY1fSCkwFPPcWWTB.4","action":"GetUpdates", "result":"DeleteReceived", "context":{"id":"e503cc05-3276-412e-8612-dc09f640a6bf", "isDeleted:":"true", "version":"1682942561953"}}
{"logTime": "0511/040708", "correlationVector":"UOTmGRDY1fSCkwFPPcWWTB.5","action":"GetUpdates", "result":"DeleteReceived", "context":{"id":"73608158-5ab6-47b8-a3a4-dae76ea42890", "isDeleted:":"true", "version":"1683778044668"}}
{"logTime": "0511/040708", "correlationVector":"UOTmGRDY1fSCkwFPPcWWTB.6","action":"GetUpdates Response", "result":"SYNCER_OK", "context":Received 28 update(s). cV=UOTmGRDY1fSCkwFPPcWWTB.0;server=GENERAL01000016;cloudType=Consumer;environment=Prod_SoutheastAsia_000j;migrationStage=NotStarted}
{"logTime": "0511/040708", "correlationVector":"YM615npQ3r86OqYHcgVdQq","action":"Commit Request", "result":"", "context":Item count: 2
Contributing types: Preferences, Sessions}
{"logTime": "0511/040709", "correlationVector":"YM615npQ3r86OqYHcgVdQq.1","action":"SyncServerConnectionManagerRequest", "result":"SYNC_SERVER_OK", "context":{"environment":"Prod_SoutheastAsia_000j", "migrationStage":"NotStarted", "server":"general0100000B"}}
{"logTime": "0511/040709", "correlationVector":"YM615npQ3r86OqYHcgVdQq.2","action":"Commit Response", "result":"SYNCER_OK", "context":Result: SYNCER_OK. cV=YM615npQ3r86OqYHcgVdQq.0;server=general0100000B;cloudType=Consumer;environment=Prod_SoutheastAsia_000j;migrationStage=NotStarted}
{"logTime": "0511/040741", "correlationVector":"HgdGR4WQq4KwyiPCzrXnC6","action":"Commit Request", "result":"", "context":Item count: 1
Contributing types: Sessions}
{"logTime": "0511/040743", "correlationVector":"HgdGR4WQq4KwyiPCzrXnC6.1","action":"SyncServerConnectionManagerRequest", "result":"SYNC_SERVER_OK", "context":{"environment":"Prod_SoutheastAsia_000j", "migrationStage":"NotStarted", "server":"GENERAL01000019"}}
{"logTime": "0511/040743", "correlationVector":"HgdGR4WQq4KwyiPCzrXnC6.2","action":"Commit Response", "result":"SYNCER_OK", "context":Result: SYNCER_OK. cV=HgdGR4WQq4KwyiPCzrXnC6.0;server=GENERAL01000019;cloudType=Consumer;environment=Prod_SoutheastAsia_000j;migrationStage=NotStarted}
{"logTime": "0511/040744", "correlationVector":"xWYVRQ9sWQsd+p1TeSnSyI","action":"Poll GetUpdate request", "result":"", "context":cV=xWYVRQ9sWQsd+p1TeSnSyI}
{"logTime": "0511/040744", "correlationVector":"xWYVRQ9sWQsd+p1TeSnSyI.1","action":"SyncServerConnectionManagerRequest", "result":"SYNC_SERVER_OK", "context":{"environment":"Prod_SoutheastAsia_000j", "migrationStage":"NotStarted", "server":"general01000013"}}
{"logTime": "0511/040744", "correlationVector":"xWYVRQ9sWQsd+p1TeSnSyI.2","action":"GetUpdates Response", "result":"SYNCER_OK", "context":Received 2 update(s). cV=xWYVRQ9sWQsd+p1TeSnSyI.0;server=general01000013;cloudType=Consumer;environment=Prod_SoutheastAsia_000j;migrationStage=NotStarted}
{"logTime": "0511/040848", "correlationVector":"RcMRADGUj5GfGusZe1FsnN","action":"Commit Request", "result":"", "context":Item count: 1
Contributing types: Sessions}
{"logTime": "0511/040849", "correlationVector":"RcMRADGUj5GfGusZe1FsnN.1","action":"SyncServerConnectionManagerRequest", "result":"SYNC_SERVER_OK", "context":{"environment":"Prod_SoutheastAsia_000j", "migrationStage":"NotStarted", "server":"GENERAL0100000L"}}
{"logTime": "0511/040849", "correlationVector":"RcMRADGUj5GfGusZe1FsnN.2","action":"Commit Response", "result":"SYNCER_OK", "context":Result: SYNCER_OK. cV=RcMRADGUj5GfGusZe1FsnN.0;server=GENERAL0100000L;cloudType=Consumer;environment=Prod_SoutheastAsia_000j;migrationStage=NotStarted}
{"logTime": "0511/041209", "correlationVector":"298sN3OcvVeZ2wkZiWoCWx","action":"Commit Request", "result":"", "context":Item count: 1
Contributing types: Sessions}
{"logTime": "0511/041210", "correlationVector":"298sN3OcvVeZ2wkZiWoCWx.1","action":"SyncServerConnectionManagerRequest", "result":"SYNC_SERVER_OK", "context":{"environment":"Prod_SoutheastAsia_000j", "migrationStage":"NotStarted", "server":"GENERAL01000008"}}
{"logTime": "0511/041210", "correlationVector":"298sN3OcvVeZ2wkZiWoCWx.2","action":"Commit Response", "result":"SYNCER_OK", "context":Result: SYNCER_OK. cV=298sN3OcvVeZ2wkZiWoCWx.0;server=GENERAL01000008;cloudType=Consumer;environment=Prod_SoutheastAsia_000j;migrationStage=NotStarted}
{"logTime": "0511/041434", "correlationVector":"OBAPeObq5XDNA6cMVsUXla","action":"Commit Request", "result":"", "context":Item count: 1
Contributing types: Sessions}
{"logTime": "0511/041436", "correlationVector":"OBAPeObq5XDNA6cMVsUXla.1","action":"SyncServerConnectionManagerRequest", "result":"SYNC_SERVER_OK", "context":{"environment":"Prod_SoutheastAsia_000j", "migrationStage":"NotStarted", "server":"GENERAL0100001D"}}
{"logTime": "0511/041436", "correlationVector":"OBAPeObq5XDNA6cMVsUXla.2","action":"Commit Response", "result":"SYNCER_OK", "context":Result: SYNCER_OK. cV=OBAPeObq5XDNA6cMVsUXla.0;server=GENERAL0100001D;cloudType=Consumer;environment=Prod_SoutheastAsia_000j;migrationStage=NotStarted}
{"logTime": "0511/042116", "correlationVector":"i4OMNvS84UePIutU4x5RRt","action":"Commit Request", "result":"", "context":Item count: 1
Contributing types: Device Info}
{"logTime": "0511/042117", "correlationVector":"i4OMNvS84UePIutU4x5RRt.1","action":"SyncServerConnectionManagerRequest", "result":"SYNC_SERVER_OK", "context":{"environment":"Prod_SoutheastAsia_000j", "migrationStage":"NotStarted", "server":"GENERAL01000008"}}
{"logTime": "0511/042117", "correlationVector":"i4OMNvS84UePIutU4x5RRt.2","action":"Commit Response", "result":"SYNCER_OK", "context":Result: SYNCER_OK. cV=i4OMNvS84UePIutU4x5RRt.0;server=GENERAL01000008;cloudType=Consumer;environment=Prod_SoutheastAsia_000j;migrationStage=NotStarted}
{"logTime": "0511/042503", "correlationVector":"aPLmdwfPhqkjp/2rra/pZC","action":"Commit Request", "result":"", "context":Item count: 1
Contributing types: Sessions}
{"logTime": "0511/042504", "correlationVector":"aPLmdwfPhqkjp/2rra/pZC.1","action":"SyncServerConnectionManagerRequest", "result":"SYNC_SERVER_OK", "context":{"environment":"Prod_SoutheastAsia_000j", "migrationStage":"NotStarted", "server":"GENERAL01000000"}}
{"logTime": "0511/042504", "correlationVector":"aPLmdwfPhqkjp/2rra/pZC.2","action":"Commit Response", "result":"SYNCER_OK", "context":Result: SYNCER_OK. cV=aPLmdwfPhqkjp/2rra/pZC.0;server=GENERAL01000000;cloudType=Consumer;environment=Prod_SoutheastAsia_000j;migrationStage=NotStarted}
